2017-07-31 20:57:09,995 views login name:mary username:mary
2017-07-31 20:57:14,732 views Admit patient:kimberly by mary:doctor to Strong Memorial Hospital
2017-07-31 20:57:15,477 views Admit patient:shirley by mary:doctor to Strong Memorial Hospital
2017-07-31 20:57:16,030 views Admit patient:cynthia by mary:doctor to Strong Memorial Hospital
2017-07-31 20:57:16,875 views Admit patient:jessica by mary:doctor to Strong Memorial Hospital
2017-07-31 20:57:18,366 views logout name:mary username:mary
2017-07-31 20:57:45,109 views login name:melissa username:melissa
2017-07-31 20:57:48,591 views logout name:melissa username:melissa
2017-08-01 15:14:05,001 views logout name:Meow username:meow
2017-08-01 15:15:11,933 views logout name:Johnny username:newuser
2017-08-01 15:15:21,783 views login name:Johnny username:newuser
2017-08-01 15:15:25,804 views logout name:Johnny username:newuser
2017-08-01 13:51:20,288 views Admit patient:sarah by mary:doctor to Strong Memorial Hospital
2017-08-01 13:51:20,288 views Discharge patient:sarah by mary:doctor from Strong Memorial Hospital
2017-08-01 21:40:29,133 views logout name:mary username:mary
2017-08-01 21:40:36,057 views login name:mary username:mary
2017-08-01 23:21:35,378 views Admit patient:sarah by mary:doctor to Strong Memorial Hospital
2017-08-01 23:21:35,379 views Discharge patient:sarah by mary:doctor from Strong Memorial Hospital
2017-08-01 23:24:11,795 views Admit patient:sarah by mary:doctor to Strong Memorial Hospital
2017-08-01 23:24:11,795 views Discharge patient:sarah by mary:doctor from Strong Memorial Hospital
2017-08-01 23:28:51,894 views Admit patient:sarah by mary:doctor to Strong Memorial Hospital
2017-08-01 23:28:51,896 views Discharge patient:sarah by mary:doctor from Strong Memorial Hospital
2017-08-01 23:29:41,356 views Admit patient:sarah by mary:doctor to Strong Memorial Hospital
2017-08-01 23:29:41,356 views Discharge patient:sarah by mary:doctor from Strong Memorial Hospital
2017-08-01 23:29:43,699 views Admit patient:sarah by mary:doctor to Strong Memorial Hospital
2017-08-01 23:29:43,699 views Discharge patient:sarah by mary:doctor from Strong Memorial Hospital
2017-08-01 23:29:44,972 views Admit patient:sarah by mary:doctor to Strong Memorial Hospital
2017-08-01 23:29:44,973 views Discharge patient:sarah by mary:doctor from Strong Memorial Hospital
2017-08-01 23:31:08,807 views Admit patient:deborah by mary:doctor to Strong Memorial Hospital
2017-08-01 23:31:08,807 views Discharge patient:deborah by mary:doctor from Strong Memorial Hospital
2017-08-01 23:31:11,832 views Admit patient:sarah by mary:doctor to Strong Memorial Hospital
2017-08-01 23:31:11,832 views Discharge patient:sarah by mary:doctor from Strong Memorial Hospital
2017-08-01 23:31:14,432 views Admit patient:deborah by mary:doctor to Strong Memorial Hospital
2017-08-01 23:31:14,432 views Discharge patient:deborah by mary:doctor from Strong Memorial Hospital
2017-08-01 23:31:15,840 views Admit patient:shirley by mary:doctor to Strong Memorial Hospital
2017-08-01 23:31:15,840 views Discharge patient:shirley by mary:doctor from Strong Memorial Hospital
2017-08-01 23:41:12,837 views Admit patient:deborah by mary:doctor to Strong Memorial Hospital
2017-08-01 23:41:12,837 views Discharge patient:deborah by mary:doctor from Strong Memorial Hospital
2017-08-01 23:42:06,844 views Admit patient:deborah by mary:doctor to Strong Memorial Hospital
2017-08-01 23:42:06,844 views Discharge patient:deborah by mary:doctor from Strong Memorial Hospital
2017-08-01 23:42:27,138 views Admit patient:sarah by mary:doctor to Strong Memorial Hospital
2017-08-01 23:42:27,138 views Discharge patient:sarah by mary:doctor from Strong Memorial Hospital
2017-08-01 23:45:44,751 views Admit patient:angela by mary:doctor to Strong Memorial Hospital
2017-08-01 23:45:44,752 views Discharge patient:angela by mary:doctor from Strong Memorial Hospital
2017-08-01 23:53:09,213 views Admit patient:sarah by mary:doctor to Strong Memorial Hospital
2017-08-01 23:53:09,213 views Discharge patient:sarah by mary:doctor from Strong Memorial Hospital
2017-08-02 00:02:34,601 views Admit patient:sarah by mary:doctor to Strong Memorial Hospital
2017-08-02 00:02:34,601 views Discharge patient:sarah by mary:doctor from Strong Memorial Hospital
2017-08-02 00:03:10,056 views Admit patient:shirley by mary:doctor to Strong Memorial Hospital
2017-08-02 00:03:10,057 views Discharge patient:shirley by mary:doctor from Strong Memorial Hospital
2017-08-02 00:03:11,137 views Admit patient:deborah by mary:doctor to Strong Memorial Hospital
2017-08-02 00:03:11,137 views Discharge patient:deborah by mary:doctor from Strong Memorial Hospital
2017-08-02 00:03:11,910 views Admit patient:angela by mary:doctor to Strong Memorial Hospital
2017-08-02 00:03:11,911 views Discharge patient:angela by mary:doctor from Strong Memorial Hospital
2017-08-02 00:03:12,561 views Admit patient:brenda by mary:doctor to Strong Memorial Hospital
2017-08-02 00:03:12,561 views Discharge patient:brenda by mary:doctor from Strong Memorial Hospital
2017-08-02 00:03:21,451 views Admit patient:deborah by mary:doctor to Strong Memorial Hospital
2017-08-02 00:03:21,451 views Discharge patient:deborah by mary:doctor from Strong Memorial Hospital
2017-08-02 00:03:33,556 views Admit patient:shirley by mary:doctor to Strong Memorial Hospital
2017-08-02 00:03:33,557 views Discharge patient:shirley by mary:doctor from Strong Memorial Hospital
2017-08-02 00:03:34,229 views Admit patient:angela by mary:doctor to Strong Memorial Hospital
2017-08-02 00:03:34,230 views Discharge patient:angela by mary:doctor from Strong Memorial Hospital
2017-08-02 00:03:52,174 views Admit patient:deborah by mary:doctor to Strong Memorial Hospital
2017-08-02 00:03:52,174 views Discharge patient:deborah by mary:doctor from Strong Memorial Hospital
2017-08-02 00:04:07,022 views Admit patient:shirley by mary:doctor to Strong Memorial Hospital
2017-08-02 00:04:07,022 views Discharge patient:shirley by mary:doctor from Strong Memorial Hospital
2017-08-02 00:04:48,422 views Admit patient:deborah by mary:doctor to Strong Memorial Hospital
2017-08-02 00:04:48,423 views Discharge patient:deborah by mary:doctor from Strong Memorial Hospital
2017-08-02 00:05:56,860 views Admit patient:deborah by mary:doctor to Strong Memorial Hospital
2017-08-02 00:05:56,860 views Discharge patient:deborah by mary:doctor from Strong Memorial Hospital
2017-08-02 00:06:00,084 views Admit patient:shirley by mary:doctor to Strong Memorial Hospital
2017-08-02 00:06:00,084 views Discharge patient:shirley by mary:doctor from Strong Memorial Hospital
2017-08-02 00:06:00,809 views Admit patient:deborah by mary:doctor to Strong Memorial Hospital
2017-08-02 00:06:00,810 views Discharge patient:deborah by mary:doctor from Strong Memorial Hospital
2017-08-02 00:06:01,100 views Admit patient:angela by mary:doctor to Strong Memorial Hospital
2017-08-02 00:06:01,101 views Discharge patient:angela by mary:doctor from Strong Memorial Hospital
2017-08-02 00:06:01,384 views Admit patient:anna by mary:doctor to Strong Memorial Hospital
2017-08-02 00:06:01,384 views Discharge patient:anna by mary:doctor from Strong Memorial Hospital
2017-08-02 00:06:01,625 views Admit patient:brenda by mary:doctor to Strong Memorial Hospital
2017-08-02 00:06:01,625 views Discharge patient:brenda by mary:doctor from Strong Memorial Hospital
2017-08-02 00:06:02,057 views Admit patient:virginia by mary:doctor to Strong Memorial Hospital
2017-08-02 00:06:02,057 views Discharge patient:virginia by mary:doctor from Strong Memorial Hospital
2017-08-02 00:06:03,215 views Admit patient:shirley by mary:doctor to Strong Memorial Hospital
2017-08-02 00:06:03,216 views Discharge patient:shirley by mary:doctor from Strong Memorial Hospital
2017-08-02 00:06:51,794 views Admit patient:deborah by mary:doctor to Strong Memorial Hospital
2017-08-02 00:06:51,794 views Discharge patient:deborah by mary:doctor from Strong Memorial Hospital
